{"D:\\sweet shop\\src\\app.ts": {"path":"D:\\sweet shop\\src\\app.ts","statementMap":{"0":{"start":{"line":1,"column":0},"end":{"line":1,"column":30}},"1":{"start":{"line":2,"column":0},"end":{"line":2,"column":24}},"2":{"start":{"line":3,"column":0},"end":{"line":3,"column":46}},"3":{"start":{"line":4,"column":0},"end":{"line":4,"column":50}},"4":{"start":{"line":5,"column":12},"end":{"line":5,"column":21}},"5":{"start":{"line":6,"column":0},"end":{"line":6,"column":16}},"6":{"start":{"line":7,"column":0},"end":{"line":7,"column":24}},"7":{"start":{"line":8,"column":0},"end":{"line":8,"column":33}},"8":{"start":{"line":9,"column":0},"end":{"line":9,"column":37}},"9":{"start":{"line":11,"column":0},"end":{"line":11,"column":69}},"10":{"start":{"line":11,"column":27},"end":{"line":11,"column":67}},"11":{"start":{"line":13,"column":0},"end":{"line":13,"column":19}}},"fnMap":{"0":{"name":"(anonymous_1)","decl":{"start":{"line":11,"column":13},"end":{"line":11,"column":14}},"loc":{"start":{"line":11,"column":27},"end":{"line":11,"column":67}}}},"branchMap":{},"s":{"0":2,"1":2,"2":2,"3":2,"4":2,"5":2,"6":2,"7":2,"8":2,"9":2,"10":0,"11":2},"f":{"0":0},"b":{}}
,"D:\\sweet shop\\src\\controllers\\auth.controller.ts": {"path":"D:\\sweet shop\\src\\controllers\\auth.controller.ts","statementMap":{"0":{"start":{"line":9,"column":0},"end":{"line":9,"column":7}},"1":{"start":{"line":19,"column":0},"end":{"line":19,"column":7}},"2":{"start":{"line":2,"column":0},"end":{"line":2,"column":28}},"3":{"start":{"line":3,"column":0},"end":{"line":3,"column":31}},"4":{"start":{"line":4,"column":0},"end":{"line":4,"column":46}},"5":{"start":{"line":5,"column":15},"end":{"line":5,"column":33}},"6":{"start":{"line":7,"column":19},"end":{"line":7,"column":53}},"7":{"start":{"line":10,"column":36},"end":{"line":10,"column":44}},"8":{"start":{"line":11,"column":2},"end":{"line":11,"column":97}},"9":{"start":{"line":11,"column":27},"end":{"line":11,"column":97}},"10":{"start":{"line":12,"column":19},"end":{"line":12,"column":68}},"11":{"start":{"line":13,"column":2},"end":{"line":13,"column":79}},"12":{"start":{"line":13,"column":16},"end":{"line":13,"column":79}},"13":{"start":{"line":14,"column":15},"end":{"line":14,"column":46}},"14":{"start":{"line":15,"column":15},"end":{"line":15,"column":81}},"15":{"start":{"line":16,"column":2},"end":{"line":16,"column":83}},"16":{"start":{"line":20,"column":30},"end":{"line":20,"column":38}},"17":{"start":{"line":21,"column":2},"end":{"line":21,"column":97}},"18":{"start":{"line":21,"column":27},"end":{"line":21,"column":97}},"19":{"start":{"line":22,"column":15},"end":{"line":22,"column":64}},"20":{"start":{"line":23,"column":2},"end":{"line":23,"column":75}},"21":{"start":{"line":23,"column":13},"end":{"line":23,"column":75}},"22":{"start":{"line":24,"column":16},"end":{"line":24,"column":61}},"23":{"start":{"line":25,"column":2},"end":{"line":25,"column":76}},"24":{"start":{"line":25,"column":14},"end":{"line":25,"column":76}},"25":{"start":{"line":26,"column":16},"end":{"line":26,"column":111}},"26":{"start":{"line":27,"column":2},"end":{"line":27,"column":29}}},"fnMap":{"0":{"name":"register","decl":{"start":{"line":9,"column":22},"end":{"line":9,"column":30}},"loc":{"start":{"line":9,"column":58},"end":{"line":17,"column":1}}},"1":{"name":"login","decl":{"start":{"line":19,"column":22},"end":{"line":19,"column":27}},"loc":{"start":{"line":19,"column":55},"end":{"line":28,"column":1}}}},"branchMap":{"0":{"loc":{"start":{"line":7,"column":19},"end":{"line":7,"column":53}},"type":"binary-expr","locations":[{"start":{"line":7,"column":19},"end":{"line":7,"column":41}},{"start":{"line":7,"column":45},"end":{"line":7,"column":53}}]},"1":{"loc":{"start":{"line":11,"column":2},"end":{"line":11,"column":97}},"type":"if","locations":[{"start":{"line":11,"column":2},"end":{"line":11,"column":97}}]},"2":{"loc":{"start":{"line":11,"column":6},"end":{"line":11,"column":25}},"type":"binary-expr","locations":[{"start":{"line":11,"column":6},"end":{"line":11,"column":12}},{"start":{"line":11,"column":16},"end":{"line":11,"column":25}}]},"3":{"loc":{"start":{"line":13,"column":2},"end":{"line":13,"column":79}},"type":"if","locations":[{"start":{"line":13,"column":2},"end":{"line":13,"column":79}}]},"4":{"loc":{"start":{"line":21,"column":2},"end":{"line":21,"column":97}},"type":"if","locations":[{"start":{"line":21,"column":2},"end":{"line":21,"column":97}}]},"5":{"loc":{"start":{"line":21,"column":6},"end":{"line":21,"column":25}},"type":"binary-expr","locations":[{"start":{"line":21,"column":6},"end":{"line":21,"column":12}},{"start":{"line":21,"column":16},"end":{"line":21,"column":25}}]},"6":{"loc":{"start":{"line":23,"column":2},"end":{"line":23,"column":75}},"type":"if","locations":[{"start":{"line":23,"column":2},"end":{"line":23,"column":75}}]},"7":{"loc":{"start":{"line":25,"column":2},"end":{"line":25,"column":76}},"type":"if","locations":[{"start":{"line":25,"column":2},"end":{"line":25,"column":76}}]}},"s":{"0":2,"1":2,"2":2,"3":2,"4":2,"5":2,"6":2,"7":1,"8":1,"9":0,"10":1,"11":1,"12":0,"13":1,"14":1,"15":1,"16":1,"17":1,"18":0,"19":1,"20":1,"21":0,"22":1,"23":1,"24":0,"25":1,"26":1},"f":{"0":1,"1":1},"b":{"0":[2,0],"1":[0],"2":[1,1],"3":[0],"4":[0],"5":[1,1],"6":[0],"7":[0]}}
,"D:\\sweet shop\\src\\controllers\\sweets.controller.ts": {"path":"D:\\sweet shop\\src\\controllers\\sweets.controller.ts","statementMap":{"0":{"start":{"line":9,"column":0},"end":{"line":9,"column":7}},"1":{"start":{"line":17,"column":0},"end":{"line":17,"column":7}},"2":{"start":{"line":38,"column":0},"end":{"line":38,"column":7}},"3":{"start":{"line":60,"column":0},"end":{"line":60,"column":7}},"4":{"start":{"line":75,"column":0},"end":{"line":75,"column":7}},"5":{"start":{"line":85,"column":0},"end":{"line":85,"column":7}},"6":{"start":{"line":108,"column":0},"end":{"line":108,"column":7}},"7":{"start":{"line":2,"column":0},"end":{"line":2,"column":46}},"8":{"start":{"line":4,"column":15},"end":{"line":4,"column":33}},"9":{"start":{"line":10,"column":17},"end":{"line":10,"column":46}},"10":{"start":{"line":11,"column":2},"end":{"line":11,"column":19}},"11":{"start":{"line":18,"column":49},"end":{"line":18,"column":65}},"12":{"start":{"line":20,"column":21},"end":{"line":20,"column":23}},"13":{"start":{"line":22,"column":2},"end":{"line":22,"column":65}},"14":{"start":{"line":22,"column":12},"end":{"line":22,"column":65}},"15":{"start":{"line":23,"column":2},"end":{"line":23,"column":77}},"16":{"start":{"line":23,"column":16},"end":{"line":23,"column":77}},"17":{"start":{"line":25,"column":2},"end":{"line":29,"column":3}},"18":{"start":{"line":26,"column":4},"end":{"line":26,"column":21}},"19":{"start":{"line":27,"column":4},"end":{"line":27,"column":57}},"20":{"start":{"line":27,"column":18},"end":{"line":27,"column":57}},"21":{"start":{"line":28,"column":4},"end":{"line":28,"column":57}},"22":{"start":{"line":28,"column":18},"end":{"line":28,"column":57}},"23":{"start":{"line":31,"column":17},"end":{"line":31,"column":55}},"24":{"start":{"line":32,"column":2},"end":{"line":32,"column":19}},"25":{"start":{"line":39,"column":46},"end":{"line":39,"column":54}},"26":{"start":{"line":41,"column":2},"end":{"line":43,"column":3}},"27":{"start":{"line":42,"column":4},"end":{"line":42,"column":108}},"28":{"start":{"line":45,"column":16},"end":{"line":52,"column":4}},"29":{"start":{"line":54,"column":2},"end":{"line":54,"column":37}},"30":{"start":{"line":61,"column":17},"end":{"line":61,"column":27}},"31":{"start":{"line":62,"column":15},"end":{"line":62,"column":23}},"32":{"start":{"line":64,"column":18},"end":{"line":67,"column":4}},"33":{"start":{"line":69,"column":2},"end":{"line":69,"column":20}},"34":{"start":{"line":76,"column":17},"end":{"line":76,"column":27}},"35":{"start":{"line":78,"column":2},"end":{"line":78,"column":47}},"36":{"start":{"line":79,"column":2},"end":{"line":79,"column":25}},"37":{"start":{"line":86,"column":17},"end":{"line":86,"column":27}},"38":{"start":{"line":87,"column":27},"end":{"line":87,"column":35}},"39":{"start":{"line":89,"column":16},"end":{"line":89,"column":64}},"40":{"start":{"line":91,"column":2},"end":{"line":91,"column":72}},"41":{"start":{"line":91,"column":14},"end":{"line":91,"column":72}},"42":{"start":{"line":93,"column":2},"end":{"line":95,"column":3}},"43":{"start":{"line":94,"column":4},"end":{"line":94,"column":65}},"44":{"start":{"line":97,"column":18},"end":{"line":100,"column":4}},"45":{"start":{"line":102,"column":2},"end":{"line":102,"column":27}},"46":{"start":{"line":109,"column":17},"end":{"line":109,"column":27}},"47":{"start":{"line":110,"column":27},"end":{"line":110,"column":35}},"48":{"start":{"line":112,"column":16},"end":{"line":112,"column":64}},"49":{"start":{"line":114,"column":2},"end":{"line":114,"column":72}},"50":{"start":{"line":114,"column":14},"end":{"line":114,"column":72}},"51":{"start":{"line":116,"column":18},"end":{"line":119,"column":4}},"52":{"start":{"line":121,"column":2},"end":{"line":121,"column":27}}},"fnMap":{"0":{"name":"listSweets","decl":{"start":{"line":9,"column":22},"end":{"line":9,"column":32}},"loc":{"start":{"line":9,"column":60},"end":{"line":12,"column":1}}},"1":{"name":"searchSweets","decl":{"start":{"line":17,"column":22},"end":{"line":17,"column":34}},"loc":{"start":{"line":17,"column":62},"end":{"line":33,"column":1}}},"2":{"name":"createSweet","decl":{"start":{"line":38,"column":22},"end":{"line":38,"column":33}},"loc":{"start":{"line":38,"column":61},"end":{"line":55,"column":1}}},"3":{"name":"updateSweet","decl":{"start":{"line":60,"column":22},"end":{"line":60,"column":33}},"loc":{"start":{"line":60,"column":61},"end":{"line":70,"column":1}}},"4":{"name":"deleteSweet","decl":{"start":{"line":75,"column":22},"end":{"line":75,"column":33}},"loc":{"start":{"line":75,"column":61},"end":{"line":80,"column":1}}},"5":{"name":"purchaseSweet","decl":{"start":{"line":85,"column":22},"end":{"line":85,"column":35}},"loc":{"start":{"line":85,"column":63},"end":{"line":103,"column":1}}},"6":{"name":"restockSweet","decl":{"start":{"line":108,"column":22},"end":{"line":108,"column":34}},"loc":{"start":{"line":108,"column":62},"end":{"line":122,"column":1}}}},"branchMap":{"0":{"loc":{"start":{"line":22,"column":2},"end":{"line":22,"column":65}},"type":"if","locations":[{"start":{"line":22,"column":2},"end":{"line":22,"column":65}}]},"1":{"loc":{"start":{"line":23,"column":2},"end":{"line":23,"column":77}},"type":"if","locations":[{"start":{"line":23,"column":2},"end":{"line":23,"column":77}}]},"2":{"loc":{"start":{"line":25,"column":2},"end":{"line":29,"column":3}},"type":"if","locations":[{"start":{"line":25,"column":2},"end":{"line":29,"column":3}}]},"3":{"loc":{"start":{"line":25,"column":6},"end":{"line":25,"column":26}},"type":"binary-expr","locations":[{"start":{"line":25,"column":6},"end":{"line":25,"column":14}},{"start":{"line":25,"column":18},"end":{"line":25,"column":26}}]},"4":{"loc":{"start":{"line":27,"column":4},"end":{"line":27,"column":57}},"type":"if","locations":[{"start":{"line":27,"column":4},"end":{"line":27,"column":57}}]},"5":{"loc":{"start":{"line":28,"column":4},"end":{"line":28,"column":57}},"type":"if","locations":[{"start":{"line":28,"column":4},"end":{"line":28,"column":57}}]},"6":{"loc":{"start":{"line":41,"column":2},"end":{"line":43,"column":3}},"type":"if","locations":[{"start":{"line":41,"column":2},"end":{"line":43,"column":3}}]},"7":{"loc":{"start":{"line":41,"column":6},"end":{"line":41,"column":61}},"type":"binary-expr","locations":[{"start":{"line":41,"column":6},"end":{"line":41,"column":11}},{"start":{"line":41,"column":15},"end":{"line":41,"column":24}},{"start":{"line":41,"column":28},"end":{"line":41,"column":41}},{"start":{"line":41,"column":45},"end":{"line":41,"column":61}}]},"8":{"loc":{"start":{"line":87,"column":10},"end":{"line":87,"column":22}},"type":"default-arg","locations":[{"start":{"line":87,"column":21},"end":{"line":87,"column":22}}]},"9":{"loc":{"start":{"line":91,"column":2},"end":{"line":91,"column":72}},"type":"if","locations":[{"start":{"line":91,"column":2},"end":{"line":91,"column":72}}]},"10":{"loc":{"start":{"line":93,"column":2},"end":{"line":95,"column":3}},"type":"if","locations":[{"start":{"line":93,"column":2},"end":{"line":95,"column":3}}]},"11":{"loc":{"start":{"line":110,"column":10},"end":{"line":110,"column":22}},"type":"default-arg","locations":[{"start":{"line":110,"column":21},"end":{"line":110,"column":22}}]},"12":{"loc":{"start":{"line":114,"column":2},"end":{"line":114,"column":72}},"type":"if","locations":[{"start":{"line":114,"column":2},"end":{"line":114,"column":72}}]}},"s":{"0":2,"1":2,"2":2,"3":2,"4":2,"5":2,"6":2,"7":2,"8":2,"9":2,"10":2,"11":0,"12":0,"13":0,"14":0,"15":0,"16":0,"17":0,"18":0,"19":0,"20":0,"21":0,"22":0,"23":0,"24":0,"25":1,"26":1,"27":0,"28":1,"29":1,"30":0,"31":0,"32":0,"33":0,"34":0,"35":0,"36":0,"37":1,"38":1,"39":1,"40":1,"41":0,"42":1,"43":0,"44":1,"45":1,"46":0,"47":0,"48":0,"49":0,"50":0,"51":0,"52":0},"f":{"0":2,"1":0,"2":1,"3":0,"4":0,"5":1,"6":0},"b":{"0":[0],"1":[0],"2":[0],"3":[0,0],"4":[0],"5":[0],"6":[0],"7":[1,1,1,1],"8":[0],"9":[0],"10":[0],"11":[0],"12":[0]}}
,"D:\\sweet shop\\src\\middlewares\\auth.middleware.ts": {"path":"D:\\sweet shop\\src\\middlewares\\auth.middleware.ts","statementMap":{"0":{"start":{"line":5,"column":0},"end":{"line":5,"column":16}},"1":{"start":{"line":20,"column":0},"end":{"line":20,"column":16}},"2":{"start":{"line":2,"column":0},"end":{"line":2,"column":31}},"3":{"start":{"line":3,"column":19},"end":{"line":3,"column":53}},"4":{"start":{"line":6,"column":15},"end":{"line":6,"column":40}},"5":{"start":{"line":7,"column":2},"end":{"line":7,"column":84}},"6":{"start":{"line":7,"column":13},"end":{"line":7,"column":84}},"7":{"start":{"line":8,"column":16},"end":{"line":8,"column":31}},"8":{"start":{"line":9,"column":2},"end":{"line":9,"column":97}},"9":{"start":{"line":9,"column":26},"end":{"line":9,"column":97}},"10":{"start":{"line":10,"column":16},"end":{"line":10,"column":24}},"11":{"start":{"line":11,"column":2},"end":{"line":17,"column":3}},"12":{"start":{"line":12,"column":20},"end":{"line":12,"column":56}},"13":{"start":{"line":13,"column":4},"end":{"line":13,"column":23}},"14":{"start":{"line":14,"column":4},"end":{"line":14,"column":18}},"15":{"start":{"line":16,"column":4},"end":{"line":16,"column":60}},"16":{"start":{"line":21,"column":2},"end":{"line":21,"column":72}},"17":{"start":{"line":21,"column":17},"end":{"line":21,"column":72}},"18":{"start":{"line":22,"column":2},"end":{"line":22,"column":86}},"19":{"start":{"line":22,"column":33},"end":{"line":22,"column":86}},"20":{"start":{"line":23,"column":2},"end":{"line":23,"column":16}}},"fnMap":{"0":{"name":"authMiddleware","decl":{"start":{"line":5,"column":16},"end":{"line":5,"column":30}},"loc":{"start":{"line":5,"column":95},"end":{"line":18,"column":1}}},"1":{"name":"adminMiddleware","decl":{"start":{"line":20,"column":16},"end":{"line":20,"column":31}},"loc":{"start":{"line":20,"column":96},"end":{"line":24,"column":1}}}},"branchMap":{"0":{"loc":{"start":{"line":3,"column":19},"end":{"line":3,"column":53}},"type":"binary-expr","locations":[{"start":{"line":3,"column":19},"end":{"line":3,"column":41}},{"start":{"line":3,"column":45},"end":{"line":3,"column":53}}]},"1":{"loc":{"start":{"line":7,"column":2},"end":{"line":7,"column":84}},"type":"if","locations":[{"start":{"line":7,"column":2},"end":{"line":7,"column":84}}]},"2":{"loc":{"start":{"line":9,"column":2},"end":{"line":9,"column":97}},"type":"if","locations":[{"start":{"line":9,"column":2},"end":{"line":9,"column":97}}]},"3":{"loc":{"start":{"line":21,"column":2},"end":{"line":21,"column":72}},"type":"if","locations":[{"start":{"line":21,"column":2},"end":{"line":21,"column":72}}]},"4":{"loc":{"start":{"line":22,"column":2},"end":{"line":22,"column":86}},"type":"if","locations":[{"start":{"line":22,"column":2},"end":{"line":22,"column":86}}]}},"s":{"0":2,"1":2,"2":2,"3":2,"4":4,"5":4,"6":0,"7":4,"8":4,"9":0,"10":4,"11":4,"12":4,"13":4,"14":4,"15":0,"16":0,"17":0,"18":0,"19":0,"20":0},"f":{"0":4,"1":0},"b":{"0":[2,0],"1":[0],"2":[0],"3":[0],"4":[0]}}
,"D:\\sweet shop\\src\\routes\\auth.routes.ts": {"path":"D:\\sweet shop\\src\\routes\\auth.routes.ts","statementMap":{"0":{"start":{"line":1,"column":0},"end":{"line":1,"column":33}},"1":{"start":{"line":2,"column":0},"end":{"line":2,"column":65}},"2":{"start":{"line":3,"column":15},"end":{"line":3,"column":23}},"3":{"start":{"line":5,"column":0},"end":{"line":5,"column":35}},"4":{"start":{"line":6,"column":0},"end":{"line":6,"column":29}},"5":{"start":{"line":8,"column":0},"end":{"line":8,"column":22}}},"fnMap":{},"branchMap":{},"s":{"0":2,"1":2,"2":2,"3":2,"4":2,"5":2},"f":{},"b":{}}
,"D:\\sweet shop\\src\\routes\\sweets.routes.ts": {"path":"D:\\sweet shop\\src\\routes\\sweets.routes.ts","statementMap":{"0":{"start":{"line":1,"column":0},"end":{"line":1,"column":33}},"1":{"start":{"line":2,"column":0},"end":{"line":2,"column":144}},"2":{"start":{"line":3,"column":0},"end":{"line":3,"column":81}},"3":{"start":{"line":5,"column":15},"end":{"line":5,"column":23}},"4":{"start":{"line":7,"column":0},"end":{"line":7,"column":44}},"5":{"start":{"line":8,"column":0},"end":{"line":8,"column":52}},"6":{"start":{"line":9,"column":0},"end":{"line":9,"column":46}},"7":{"start":{"line":10,"column":0},"end":{"line":10,"column":48}},"8":{"start":{"line":11,"column":0},"end":{"line":11,"column":68}},"9":{"start":{"line":12,"column":0},"end":{"line":12,"column":60}},"10":{"start":{"line":13,"column":0},"end":{"line":13,"column":75}},"11":{"start":{"line":15,"column":0},"end":{"line":15,"column":22}}},"fnMap":{},"branchMap":{},"s":{"0":2,"1":2,"2":2,"3":2,"4":2,"5":2,"6":2,"7":2,"8":2,"9":2,"10":2,"11":2},"f":{},"b":{}}
}
