TN:
SF:src\app.ts
FN:11,(anonymous_1)
FNF:1
FNH:0
FNDA:0,(anonymous_1)
DA:1,2
DA:2,2
DA:3,2
DA:4,2
DA:5,2
DA:6,2
DA:7,2
DA:8,2
DA:9,2
DA:11,2
DA:13,2
LF:11
LH:11
BRF:0
BRH:0
end_of_record
TN:
SF:src\controllers\auth.controller.ts
FN:9,register
FN:19,login
FNF:2
FNH:2
FNDA:1,register
FNDA:1,login
DA:2,2
DA:3,2
DA:4,2
DA:5,2
DA:7,2
DA:9,2
DA:10,1
DA:11,1
DA:12,1
DA:13,1
DA:14,1
DA:15,1
DA:16,1
DA:19,2
DA:20,1
DA:21,1
DA:22,1
DA:23,1
DA:24,1
DA:25,1
DA:26,1
DA:27,1
LF:22
LH:22
BRDA:7,0,0,2
BRDA:7,0,1,0
BRDA:11,1,0,0
BRDA:11,2,0,1
BRDA:11,2,1,1
BRDA:13,3,0,0
BRDA:21,4,0,0
BRDA:21,5,0,1
BRDA:21,5,1,1
BRDA:23,6,0,0
BRDA:25,7,0,0
BRF:11
BRH:5
end_of_record
TN:
SF:src\controllers\sweets.controller.ts
FN:9,listSweets
FN:17,searchSweets
FN:38,createSweet
FN:60,updateSweet
FN:75,deleteSweet
FN:85,purchaseSweet
FN:108,restockSweet
FNF:7
FNH:3
FNDA:2,listSweets
FNDA:0,searchSweets
FNDA:1,createSweet
FNDA:0,updateSweet
FNDA:0,deleteSweet
FNDA:1,purchaseSweet
FNDA:0,restockSweet
DA:2,2
DA:4,2
DA:9,2
DA:10,2
DA:11,2
DA:17,2
DA:18,0
DA:20,0
DA:22,0
DA:23,0
DA:25,0
DA:26,0
DA:27,0
DA:28,0
DA:31,0
DA:32,0
DA:38,2
DA:39,1
DA:41,1
DA:42,0
DA:45,1
DA:54,1
DA:60,2
DA:61,0
DA:62,0
DA:64,0
DA:69,0
DA:75,2
DA:76,0
DA:78,0
DA:79,0
DA:85,2
DA:86,1
DA:87,1
DA:89,1
DA:91,1
DA:93,1
DA:94,0
DA:97,1
DA:102,1
DA:108,2
DA:109,0
DA:110,0
DA:112,0
DA:114,0
DA:116,0
DA:121,0
LF:47
LH:22
BRDA:22,0,0,0
BRDA:23,1,0,0
BRDA:25,2,0,0
BRDA:25,3,0,0
BRDA:25,3,1,0
BRDA:27,4,0,0
BRDA:28,5,0,0
BRDA:41,6,0,0
BRDA:41,7,0,1
BRDA:41,7,1,1
BRDA:41,7,2,1
BRDA:41,7,3,1
BRDA:87,8,0,0
BRDA:91,9,0,0
BRDA:93,10,0,0
BRDA:110,11,0,0
BRDA:114,12,0,0
BRF:17
BRH:4
end_of_record
TN:
SF:src\middlewares\auth.middleware.ts
FN:5,authMiddleware
FN:20,adminMiddleware
FNF:2
FNH:1
FNDA:4,authMiddleware
FNDA:0,adminMiddleware
DA:2,2
DA:3,2
DA:5,2
DA:6,4
DA:7,4
DA:8,4
DA:9,4
DA:10,4
DA:11,4
DA:12,4
DA:13,4
DA:14,4
DA:16,0
DA:20,2
DA:21,0
DA:22,0
DA:23,0
LF:17
LH:13
BRDA:3,0,0,2
BRDA:3,0,1,0
BRDA:7,1,0,0
BRDA:9,2,0,0
BRDA:21,3,0,0
BRDA:22,4,0,0
BRF:6
BRH:1
end_of_record
TN:
SF:src\routes\auth.routes.ts
FNF:0
FNH:0
DA:1,2
DA:2,2
DA:3,2
DA:5,2
DA:6,2
DA:8,2
LF:6
LH:6
BRF:0
BRH:0
end_of_record
TN:
SF:src\routes\sweets.routes.ts
FNF:0
FNH:0
DA:1,2
DA:2,2
DA:3,2
DA:5,2
DA:7,2
DA:8,2
DA:9,2
DA:10,2
DA:11,2
DA:12,2
DA:13,2
DA:15,2
LF:12
LH:12
BRF:0
BRH:0
end_of_record
